#
# There is insufficient memory for the Java Runtime Environment to continue.
# Native memory allocation (malloc) failed to allocate 1097776 bytes for Chunk::new
# Possible reasons:
#   The system is out of physical RAM or swap space
#   The process is running with CompressedOops enabled, and the Java Heap may be blocking the growth of the native heap
# Possible solutions:
#   Reduce memory load on the system
#   Increase physical memory or swap space
#   Check if swap backing store is full
#   Decrease Java heap size (-Xmx/-Xms)
#   Decrease number of Java threads
#   Decrease Java thread stack sizes (-Xss)
#   Set larger code cache with -XX:ReservedCodeCacheSize=
#   JVM is running with Zero Based Compressed Oops mode in which the Java heap is
#     placed in the first 32GB address space. The Java Heap base address is the
#     maximum limit for the native heap growth. Please use -XX:HeapBaseMinAddress
#     to set the Java Heap base and to place the Java Heap above 32GB virtual address.
# This output file may be truncated or incomplete.
#
#  Out of Memory Error (allocation.cpp:390), pid=36088, tid=0x0000000000000a80
#
# JRE version: Java(TM) SE Runtime Environment (8.0_201-b09) (build 1.8.0_201-b09)
# Java VM: Java HotSpot(TM) 64-Bit Server VM (25.201-b09 mixed mode windows-amd64 compressed oops)
# Failed to write core dump. Minidumps are not enabled by default on client versions of Windows
#

---------------  T H R E A D  ---------------

Current thread (0x000000001eafa000):  JavaThread "C2 CompilerThread1" daemon [_thread_in_native, id=2688, stack(0x000000001f4d0000,0x000000001f5d0000)]

Stack: [0x000000001f4d0000,0x000000001f5d0000]
[error occurred during error reporting (printing stack bounds), id 0xc0000005]

Native frames: (J=compiled Java code, j=interpreted, Vv=VM code, C=native code)


Current CompileTask:
C2:   5962 6469       4       com.sun.tools.javac.comp.Resolve::isAccessible (332 bytes)


---------------  P R O C E S S  ---------------

Java Threads: ( => current thread )
  0x000000001eb12800 JavaThread "JMX server connection timeout 18" daemon [_thread_blocked, id=13344, stack(0x0000000024680000,0x0000000024780000)]
  0x000000001eb0c000 JavaThread "RMI TCP Connection(2)-10.0.75.1" daemon [_thread_in_native, id=21584, stack(0x0000000024580000,0x0000000024680000)]
  0x000000001eb11000 JavaThread "JMX server connection timeout 16" daemon [_thread_blocked, id=39040, stack(0x00000000234b0000,0x00000000235b0000)]
  0x00000000220d0000 JavaThread "RMI Scheduler(0)" daemon [_thread_blocked, id=13476, stack(0x00000000233b0000,0x00000000234b0000)]
  0x00000000227f7000 JavaThread "RMI TCP Connection(1)-10.0.75.1" daemon [_thread_in_native, id=30148, stack(0x00000000232b0000,0x00000000233b0000)]
  0x000000002127b800 JavaThread "RMI TCP Accept-0" daemon [_thread_in_native, id=13708, stack(0x0000000022cb0000,0x0000000022db0000)]
  0x000000001eb8b000 JavaThread "Service Thread" daemon [_thread_blocked, id=16216, stack(0x000000001f7d0000,0x000000001f8d0000)]
  0x000000001eb0f800 JavaThread "C1 CompilerThread3" daemon [_thread_blocked, id=35748, stack(0x000000001f6d0000,0x000000001f7d0000)]
  0x000000001eafc000 JavaThread "C2 CompilerThread2" daemon [_thread_in_native, id=22676, stack(0x000000001f5d0000,0x000000001f6d0000)]
=>0x000000001eafa000 JavaThread "C2 CompilerThread1" daemon [_thread_in_native, id=2688, stack(0x000000001f4d0000,0x000000001f5d0000)]
  0x000000001eaf8000 JavaThread "C2 CompilerThread0" daemon [_thread_in_native, id=19924, stack(0x000000001f3d0000,0x000000001f4d0000)]
  0x000000001eaf6000 JavaThread "Attach Listener" daemon [_thread_blocked, id=40756, stack(0x000000001f2d0000,0x000000001f3d0000)]
  0x000000001eaf5000 JavaThread "Signal Dispatcher" daemon [_thread_blocked, id=26764, stack(0x000000001f1d0000,0x000000001f2d0000)]
  0x000000001eae1000 JavaThread "Finalizer" daemon [_thread_blocked, id=36236, stack(0x000000001efc0000,0x000000001f0c0000)]
  0x000000001eae0800 JavaThread "Reference Handler" daemon [_thread_blocked, id=21760, stack(0x000000001eec0000,0x000000001efc0000)]
  0x0000000003153800 JavaThread "main" [_thread_in_native, id=33220, stack(0x0000000003020000,0x0000000003120000)]

Other Threads:
  0x000000001ccc9800 VMThread [stack: 0x000000001e9c0000,0x000000001eac0000] [id=17544]
  0x000000001ebad000 WatcherThread [stack: 0x000000001f8d0000,0x000000001f9d0000] [id=9848]

VM state:not at safepoint (normal execution)

VM Mutex/Monitor currently owned by a thread: None

heap address: 0x00000006c1a00000, size: 4070 MB, Compressed Oops mode: Zero based, Oop shift amount: 3
Narrow klass base: 0x0000000000000000, Narrow klass shift: 3
Compressed class space size: 1073741824 Address: 0x00000007c0000000

Heap:
 PSYoungGen      total 141824K, used 60787K [0x000000076b380000, 0x0000000774880000, 0x00000007c0000000)
  eden space 131072K, 38% used [0x000000076b380000,0x000000076e45dfc0,0x0000000773380000)
  from space 10752K, 99% used [0x0000000773380000,0x0000000773dfede8,0x0000000773e00000)
  to   space 10752K, 0% used [0x0000000773e00000,0x0000000773e00000,0x0000000774880000)
 ParOldGen       total 134144K, used 47163K [0x00000006c1a00000, 0x00000006c9d00000, 0x000000076b380000)
  object space 134144K, 35% used [0x00000006c1a00000,0x00000006c480ee80,0x00000006c9d00000)
 Metaspace       used 28809K, capacity 29684K, committed 29952K, reserved 1075200K
  class space    used 3283K, capacity 3560K, committed 3584K, reserved 1048576K

Card table byte_map: [0x0000000012610000,0x0000000012e10000] byte_map_base: 0x000000000f003000

Marking Bits: (ParMarkBitMap*) 0x000000005c4c4ce0
 Begin Bits: [0x0000000013b60000, 0x0000000017af8000)
 End Bits:   [0x0000000017af8000, 0x000000001ba90000)

Polling page: 0x0000000002fc0000

CodeCache: size=245760Kb used=21640Kb max_used=23177Kb free=224119Kb
 bounds [0x0000000003250000, 0x0000000004910000, 0x0000000012250000]
 total_blobs=6104 nmethods=5672 adapters=344
 compilation: enabled

Compilation events (10 events):
Event: 5.874 Thread 0x000000001eb0f800 6633   !   2       java.util.jar.JarFile::getBytes (96 bytes)
Event: 5.875 Thread 0x000000001eb0f800 nmethod 6633 0x00000000033898d0 code [0x0000000003389a80, 0x0000000003389db8]
Event: 5.917 Thread 0x000000001eb0f800 6635       2       java.util.jar.Manifest::read (328 bytes)
Event: 5.919 Thread 0x000000001eb0f800 nmethod 6635 0x000000000418d0d0 code [0x000000000418d380, 0x000000000418e2d8]
Event: 5.919 Thread 0x000000001eb0f800 6637       2       java.util.jar.Attributes::<init> (7 bytes)
Event: 5.919 Thread 0x000000001eb0f800 nmethod 6637 0x0000000003368710 code [0x00000000033688a0, 0x0000000003368aa8]
Event: 5.920 Thread 0x000000001eb0f800 6636       2       java.util.jar.Manifest$FastInputStream::<init> (9 bytes)
Event: 5.920 Thread 0x000000001eb0f800 nmethod 6636 0x0000000003e45d90 code [0x0000000003e45ee0, 0x0000000003e460f0]
Event: 5.949 Thread 0x000000001eb0f800 6639       2       java.util.jar.Manifest::<init> (37 bytes)
Event: 5.949 Thread 0x000000001eb0f800 nmethod 6639 0x0000000004317450 code [0x00000000043175e0, 0x0000000004317958]

GC Heap History (10 events):
Event: 2.595 GC heap before
{Heap before GC invocations=4 (full 0):
 PSYoungGen      total 76288K, used 76256K [0x000000076b380000, 0x0000000774880000, 0x00000007c0000000)
  eden space 65536K, 100% used [0x000000076b380000,0x000000076f380000,0x000000076f380000)
  from space 10752K, 99% used [0x000000076f380000,0x000000076fdf8020,0x000000076fe00000)
  to   space 10752K, 0% used [0x0000000773e00000,0x0000000773e00000,0x0000000774880000)
 ParOldGen       total 175104K, used 7574K [0x00000006c1a00000, 0x00000006cc500000, 0x000000076b380000)
  object space 175104K, 4% used [0x00000006c1a00000,0x00000006c21658c8,0x00000006cc500000)
 Metaspace       used 19550K, capacity 19946K, committed 20224K, reserved 1067008K
  class space    used 2328K, capacity 2471K, committed 2560K, reserved 1048576K
Event: 2.604 GC heap after
Heap after GC invocations=4 (full 0):
 PSYoungGen      total 141824K, used 10720K [0x000000076b380000, 0x0000000774880000, 0x00000007c0000000)
  eden space 131072K, 0% used [0x000000076b380000,0x000000076b380000,0x0000000773380000)
  from space 10752K, 99% used [0x0000000773e00000,0x0000000774878020,0x0000000774880000)
  to   space 10752K, 0% used [0x0000000773380000,0x0000000773380000,0x0000000773e00000)
 ParOldGen       total 175104K, used 12473K [0x00000006c1a00000, 0x00000006cc500000, 0x000000076b380000)
  object space 175104K, 7% used [0x00000006c1a00000,0x00000006c262e418,0x00000006cc500000)
 Metaspace       used 19550K, capacity 19946K, committed 20224K, reserved 1067008K
  class space    used 2328K, capacity 2471K, committed 2560K, reserved 1048576K
}
Event: 2.902 GC heap before
{Heap before GC invocations=5 (full 0):
 PSYoungGen      total 141824K, used 38642K [0x000000076b380000, 0x0000000774880000, 0x00000007c0000000)
  eden space 131072K, 21% used [0x000000076b380000,0x000000076cec4930,0x0000000773380000)
  from space 10752K, 99% used [0x0000000773e00000,0x0000000774878020,0x0000000774880000)
  to   space 10752K, 0% used [0x0000000773380000,0x0000000773380000,0x0000000773e00000)
 ParOldGen       total 175104K, used 12473K [0x00000006c1a00000, 0x00000006cc500000, 0x000000076b380000)
  object space 175104K, 7% used [0x00000006c1a00000,0x00000006c262e418,0x00000006cc500000)
 Metaspace       used 20608K, capacity 21138K, committed 21296K, reserved 1069056K
  class space    used 2437K, capacity 2614K, committed 2688K, reserved 1048576K
Event: 2.913 GC heap after
Heap after GC invocations=5 (full 0):
 PSYoungGen      total 141824K, used 10736K [0x000000076b380000, 0x0000000774880000, 0x00000007c0000000)
  eden space 131072K, 0% used [0x000000076b380000,0x000000076b380000,0x0000000773380000)
  from space 10752K, 99% used [0x0000000773380000,0x0000000773dfc030,0x0000000773e00000)
  to   space 10752K, 0% used [0x0000000773e00000,0x0000000773e00000,0x0000000774880000)
 ParOldGen       total 175104K, used 14638K [0x00000006c1a00000, 0x00000006cc500000, 0x000000076b380000)
  object space 175104K, 8% used [0x00000006c1a00000,0x00000006c284bac8,0x00000006cc500000)
 Metaspace       used 20608K, capacity 21138K, committed 21296K, reserved 1069056K
  class space    used 2437K, capacity 2614K, committed 2688K, reserved 1048576K
}
Event: 2.913 GC heap before
{Heap before GC invocations=6 (full 1):
 PSYoungGen      total 141824K, used 10736K [0x000000076b380000, 0x0000000774880000, 0x00000007c0000000)
  eden space 131072K, 0% used [0x000000076b380000,0x000000076b380000,0x0000000773380000)
  from space 10752K, 99% used [0x0000000773380000,0x0000000773dfc030,0x0000000773e00000)
  to   space 10752K, 0% used [0x0000000773e00000,0x0000000773e00000,0x0000000774880000)
 ParOldGen       total 175104K, used 14638K [0x00000006c1a00000, 0x00000006cc500000, 0x000000076b380000)
  object space 175104K, 8% used [0x00000006c1a00000,0x00000006c284bac8,0x00000006cc500000)
 Metaspace       used 20608K, capacity 21138K, committed 21296K, reserved 1069056K
  class space    used 2437K, capacity 2614K, committed 2688K, reserved 1048576K
Event: 2.996 GC heap after
Heap after GC invocations=6 (full 1):
 PSYoungGen      total 141824K, used 0K [0x000000076b380000, 0x0000000774880000, 0x00000007c0000000)
  eden space 131072K, 0% used [0x000000076b380000,0x000000076b380000,0x0000000773380000)
  from space 10752K, 0% used [0x0000000773380000,0x0000000773380000,0x0000000773e00000)
  to   space 10752K, 0% used [0x0000000773e00000,0x0000000773e00000,0x0000000774880000)
 ParOldGen       total 134144K, used 22341K [0x00000006c1a00000, 0x00000006c9d00000, 0x000000076b380000)
  object space 134144K, 16% used [0x00000006c1a00000,0x00000006c2fd16b8,0x00000006c9d00000)
 Metaspace       used 20608K, capacity 21138K, committed 21296K, reserved 1069056K
  class space    used 2437K, capacity 2614K, committed 2688K, reserved 1048576K
}
Event: 4.067 GC heap before
{Heap before GC invocations=7 (full 1):
 PSYoungGen      total 141824K, used 131072K [0x000000076b380000, 0x0000000774880000, 0x00000007c0000000)
  eden space 131072K, 100% used [0x000000076b380000,0x0000000773380000,0x0000000773380000)
  from space 10752K, 0% used [0x0000000773380000,0x0000000773380000,0x0000000773e00000)
  to   space 10752K, 0% used [0x0000000773e00000,0x0000000773e00000,0x0000000774880000)
 ParOldGen       total 134144K, used 22341K [0x00000006c1a00000, 0x00000006c9d00000, 0x000000076b380000)
  object space 134144K, 16% used [0x00000006c1a00000,0x00000006c2fd16b8,0x00000006c9d00000)
 Metaspace       used 25698K, capacity 26312K, committed 26624K, reserved 1073152K
  class space    used 3027K, capacity 3232K, committed 3328K, reserved 1048576K
Event: 4.076 GC heap after
Heap after GC invocations=7 (full 1):
 PSYoungGen      total 141824K, used 10735K [0x000000076b380000, 0x0000000774880000, 0x00000007c0000000)
  eden space 131072K, 0% used [0x000000076b380000,0x000000076b380000,0x0000000773380000)
  from space 10752K, 99% used [0x0000000773e00000,0x000000077487bee0,0x0000000774880000)
  to   space 10752K, 0% used [0x0000000773380000,0x0000000773380000,0x0000000773e00000)
 ParOldGen       total 134144K, used 34005K [0x00000006c1a00000, 0x00000006c9d00000, 0x000000076b380000)
  object space 134144K, 25% used [0x00000006c1a00000,0x00000006c3b357a0,0x00000006c9d00000)
 Metaspace       used 25698K, capacity 26312K, committed 26624K, reserved 1073152K
  class space    used 3027K, capacity 3232K, committed 3328K, reserved 1048576K
}
Event: 5.844 GC heap before
{Heap before GC invocations=8 (full 1):
 PSYoungGen      total 141824K, used 141807K [0x000000076b380000, 0x0000000774880000, 0x00000007c0000000)
  eden space 131072K, 100% used [0x000000076b380000,0x0000000773380000,0x0000000773380000)
  from space 10752K, 99% used [0x0000000773e00000,0x000000077487bee0,0x0000000774880000)
  to   space 10752K, 0% used [0x0000000773380000,0x0000000773380000,0x0000000773e00000)
 ParOldGen       total 134144K, used 34005K [0x00000006c1a00000, 0x00000006c9d00000, 0x000000076b380000)
  object space 134144K, 25% used [0x00000006c1a00000,0x00000006c3b357a0,0x00000006c9d00000)
 Metaspace       used 28806K, capacity 29684K, committed 29952K, reserved 1075200K
  class space    used 3283K, capacity 3560K, committed 3584K, reserved 1048576K
Event: 5.857 GC heap after
Heap after GC invocations=8 (full 1):
 PSYoungGen      total 141824K, used 10747K [0x000000076b380000, 0x0000000774880000, 0x00000007c0000000)
  eden space 131072K, 0% used [0x000000076b380000,0x000000076b380000,0x0000000773380000)
  from space 10752K, 99% used [0x0000000773380000,0x0000000773dfede8,0x0000000773e00000)
  to   space 10752K, 0% used [0x0000000773e00000,0x0000000773e00000,0x0000000774880000)
 ParOldGen       total 134144K, used 47163K [0x00000006c1a00000, 0x00000006c9d00000, 0x000000076b380000)
  object space 134144K, 35% used [0x00000006c1a00000,0x00000006c480ee80,0x00000006c9d00000)
 Metaspace       used 28806K, capacity 29684K, committed 29952K, reserved 1075200K
  class space    used 3283K, capacity 3560K, committed 3584K, reserved 1048576K
}

Deoptimization events (10 events):
Event: 5.723 Thread 0x0000000003153800 Uncommon trap: reason=unstable_if action=reinterpret pc=0x00000000045955c4 method=com.sun.tools.javac.code.Types.wildLowerBound(Lcom/sun/tools/javac/code/Type;)Lcom/sun/tools/javac/code/Type; @ 7
Event: 5.723 Thread 0x0000000003153800 Uncommon trap: reason=class_check action=maybe_recompile pc=0x000000000389bea8 method=com.sun.tools.javac.code.Type.containsAny(Lcom/sun/tools/javac/util/List;)Z @ 20
Event: 5.724 Thread 0x0000000003153800 Uncommon trap: reason=class_check action=maybe_recompile pc=0x000000000389bea8 method=com.sun.tools.javac.code.Type.containsAny(Lcom/sun/tools/javac/util/List;)Z @ 20
Event: 5.724 Thread 0x0000000003153800 Uncommon trap: reason=class_check action=maybe_recompile pc=0x00000000034726ac method=com.sun.tools.javac.code.Type.containsAny(Lcom/sun/tools/javac/util/List;)Z @ 20
Event: 5.726 Thread 0x0000000003153800 Uncommon trap: reason=class_check action=maybe_recompile pc=0x00000000047a1540 method=com.sun.tools.javac.code.Type.containsAny(Lcom/sun/tools/javac/util/List;)Z @ 20
Event: 5.734 Thread 0x0000000003153800 Uncommon trap: reason=class_check action=maybe_recompile pc=0x00000000048fbc50 method=com.sun.tools.javac.code.Type.containsAny(Lcom/sun/tools/javac/util/List;)Z @ 20
Event: 5.781 Thread 0x0000000003153800 Uncommon trap: reason=unstable_if action=reinterpret pc=0x0000000004616c84 method=com.sun.tools.javac.jvm.Pool.makePoolValue(Ljava/lang/Object;)Ljava/lang/Object; @ 4
Event: 5.787 Thread 0x0000000003153800 Uncommon trap: reason=unstable_if action=reinterpret pc=0x0000000004077f1c method=com.sun.tools.javac.util.Convert.chars2utf([CI[BII)I @ 35
Event: 5.835 Thread 0x0000000003153800 Uncommon trap: reason=unstable_if action=reinterpret pc=0x00000000042075d4 method=com.sun.tools.javac.file.Locations.lazy()V @ 4
Event: 5.835 Thread 0x0000000003153800 Uncommon trap: reason=range_check action=make_not_entrant pc=0x00000000041901f0 method=java.lang.String.charAt(I)C @ 27

Classes redefined (0 events):
No events

Internal exceptions (10 events):
Event: 2.206 Thread 0x000000001eb0c000 Exception <a 'java/lang/ClassNotFoundException': org/springframework/boot/actuate/endpoint/jmx/EndpointMBean> (0x000000076c97be38) thrown at [C:\re\workspace\8-2-build-windows-amd64-cygwin\jdk8u201\12322\hotspot\src\share\vm\classfile\systemDictionary.cpp
Event: 2.206 Thread 0x000000001eb0c000 Exception <a 'java/lang/ClassNotFoundException': org/springframework/boot/actuate/endpoint/jmx/DataEndpointMBean> (0x000000076c97c380) thrown at [C:\re\workspace\8-2-build-windows-amd64-cygwin\jdk8u201\12322\hotspot\src\share\vm\classfile\systemDictionary
Event: 2.206 Thread 0x000000001eb0c000 Exception <a 'java/lang/ClassNotFoundException': org/springframework/context/support/LiveBeansView> (0x000000076c97c8b0) thrown at [C:\re\workspace\8-2-build-windows-amd64-cygwin\jdk8u201\12322\hotspot\src\share\vm\classfile\systemDictionary.cpp, line 210
Event: 3.024 Thread 0x0000000003153800 Implicit null exception at 0x0000000003bafaf8 to 0x0000000003bb0dc5
Event: 3.080 Thread 0x0000000003153800 Exception <a 'java/lang/ClassNotFoundException': com/sun/tools/javac/api/JavacTool> (0x000000076bf29690) thrown at [C:\re\workspace\8-2-build-windows-amd64-cygwin\jdk8u201\12322\hotspot\src\share\vm\classfile\systemDictionary.cpp, line 210]
Event: 3.643 Thread 0x0000000003153800 Exception <a 'java/io/FileNotFoundException'> (0x0000000770539f18) thrown at [C:\re\workspace\8-2-build-windows-amd64-cygwin\jdk8u201\12322\hotspot\src\share\vm\prims\jni.cpp, line 709]
Event: 3.645 Thread 0x0000000003153800 Exception <a 'java/io/FileNotFoundException'> (0x000000077056ed00) thrown at [C:\re\workspace\8-2-build-windows-amd64-cygwin\jdk8u201\12322\hotspot\src\share\vm\prims\jni.cpp, line 709]
Event: 4.187 Thread 0x0000000003153800 Exception <a 'java/io/FileNotFoundException'> (0x000000076bbadd80) thrown at [C:\re\workspace\8-2-build-windows-amd64-cygwin\jdk8u201\12322\hotspot\src\share\vm\prims\jni.cpp, line 709]
Event: 4.239 Thread 0x0000000003153800 Implicit null exception at 0x000000000427368f to 0x0000000004273795
Event: 4.535 Thread 0x0000000003153800 Exception <a 'java/io/FileNotFoundException'> (0x000000076d8d91a8) thrown at [C:\re\workspace\8-2-build-windows-amd64-cygwin\jdk8u201\12322\hotspot\src\share\vm\prims\jni.cpp, line 709]

Events (10 events):
Event: 5.919 Thread 0x000000001eb0f800 flushing nmethod 0x00000000037680d0
Event: 5.919 Thread 0x000000001eb0f800 flushing nmethod 0x00000000037b02d0
Event: 5.919 Thread 0x000000001eb0f800 flushing nmethod 0x00000000037c6350
Event: 5.920 Thread 0x000000001eb0f800 flushing nmethod 0x0000000003804b90
Event: 5.920 Thread 0x000000001eb0f800 flushing nmethod 0x000000000381cc90
Event: 5.920 Thread 0x000000001eb0f800 flushing nmethod 0x0000000003834650
Event: 5.920 Thread 0x000000001eb0f800 flushing nmethod 0x0000000003844a90
Event: 5.920 Thread 0x000000001eb0f800 flushing nmethod 0x0000000003910c10
Event: 5.920 Thread 0x000000001eb0f800 flushing nmethod 0x000000000393ae10
Event: 5.949 Thread 0x000000001eb0f800 flushing nmethod 0x0000000003949e10


Dynamic libraries:
0x00007ff72baf0000 - 0x00007ff72bb27000 	C:\Program Files\Java\jdk1.8.0_201\bin\javaw.exe
0x00007fff761d0000 - 0x00007fff763b1000 	C:\WINDOWS\SYSTEM32\ntdll.dll
0x00007fff75ee0000 - 0x00007fff75f91000 	C:\WINDOWS\System32\KERNEL32.DLL
0x00007fff731e0000 - 0x00007fff73453000 	C:\WINDOWS\System32\KERNELBASE.dll
0x00007fff76040000 - 0x00007fff760e1000 	C:\WINDOWS\System32\ADVAPI32.dll
0x00007fff73f00000 - 0x00007fff73f9e000 	C:\WINDOWS\System32\msvcrt.dll
0x00007fff75e00000 - 0x00007fff75e5b000 	C:\WINDOWS\System32\sechost.dll
0x00007fff739e0000 - 0x00007fff73b04000 	C:\WINDOWS\System32\RPCRT4.dll
0x00007fff74820000 - 0x00007fff749b0000 	C:\WINDOWS\System32\USER32.dll
0x00007fff73460000 - 0x00007fff73480000 	C:\WINDOWS\System32\win32u.dll
0x00007fff73be0000 - 0x00007fff73c08000 	C:\WINDOWS\System32\GDI32.dll
0x00007fff72590000 - 0x00007fff72721000 	C:\WINDOWS\System32\gdi32full.dll
0x00007fff72980000 - 0x00007fff72a1f000 	C:\WINDOWS\System32\msvcp_win.dll
0x00007fff734d0000 - 0x00007fff735c8000 	C:\WINDOWS\System32\ucrtbase.dll
0x00007fff55ee0000 - 0x00007fff56149000 	C:\WINDOWS\WinSxS\amd64_microsoft.windows.common-controls_6595b64144ccf1df_6.0.17134.1067_none_d401a3eb7c8ebdea\COMCTL32.dll
0x00007fff736b0000 - 0x00007fff739d1000 	C:\WINDOWS\System32\combase.dll
0x00007fff735d0000 - 0x00007fff73649000 	C:\WINDOWS\System32\bcryptPrimitives.dll
0x00007fff745d0000 - 0x00007fff745fd000 	C:\WINDOWS\System32\IMM32.DLL
0x00007fff6fcb0000 - 0x00007fff6fd5c000 	C:\WINDOWS\system32\tmumh\20019\AddOn\7.0.0.1162\TmUmEvt64.dll
0x00007fff746b0000 - 0x00007fff746b8000 	C:\WINDOWS\System32\PSAPI.DLL
0x00007fff73650000 - 0x00007fff736a1000 	C:\WINDOWS\System32\SHLWAPI.dll
0x00000000620e0000 - 0x00000000621fd000 	C:\WINDOWS\system32\tmumh\20019\TmMon\2.5.0.2084\tmmon64.dll
0x000000005c550000 - 0x000000005c621000 	C:\Program Files\Java\jdk1.8.0_201\jre\bin\msvcr100.dll
0x000000005bca0000 - 0x000000005c544000 	C:\Program Files\Java\jdk1.8.0_201\jre\bin\server\jvm.dll
0x00007fff5e460000 - 0x00007fff5e469000 	C:\WINDOWS\SYSTEM32\WSOCK32.dll
0x00007fff75e60000 - 0x00007fff75ecc000 	C:\WINDOWS\System32\WS2_32.dll
0x00007fff6b820000 - 0x00007fff6b843000 	C:\WINDOWS\SYSTEM32\WINMM.dll
0x00007fff70600000 - 0x00007fff7060a000 	C:\WINDOWS\SYSTEM32\VERSION.dll
0x00007fff6b3c0000 - 0x00007fff6b3ea000 	C:\WINDOWS\SYSTEM32\WINMMBASE.dll
0x00007fff73480000 - 0x00007fff734c9000 	C:\WINDOWS\System32\cfgmgr32.dll
0x00007fff70620000 - 0x00007fff7062f000 	C:\Program Files\Java\jdk1.8.0_201\jre\bin\verify.dll
0x00007fff4e0e0000 - 0x00007fff4e109000 	C:\Program Files\Java\jdk1.8.0_201\jre\bin\java.dll
0x00007fff5f490000 - 0x00007fff5f4a6000 	C:\Program Files\Java\jdk1.8.0_201\jre\bin\zip.dll
0x00007fff749b0000 - 0x00007fff75df4000 	C:\WINDOWS\System32\SHELL32.dll
0x00007fff760f0000 - 0x00007fff76199000 	C:\WINDOWS\System32\shcore.dll
0x00007fff72a20000 - 0x00007fff73130000 	C:\WINDOWS\System32\windows.storage.dll
0x00007fff72550000 - 0x00007fff72561000 	C:\WINDOWS\System32\kernel.appcore.dll
0x00007fff72570000 - 0x00007fff7258f000 	C:\WINDOWS\System32\profapi.dll
0x00007fff724d0000 - 0x00007fff7251c000 	C:\WINDOWS\System32\powrprof.dll
0x00007fff72540000 - 0x00007fff7254a000 	C:\WINDOWS\System32\FLTLIB.DLL
0x00007fff721f0000 - 0x00007fff72207000 	C:\WINDOWS\SYSTEM32\CRYPTSP.dll
0x00007fff715a0000 - 0x00007fff715d3000 	C:\WINDOWS\system32\rsaenh.dll
0x00007fff71ff0000 - 0x00007fff72015000 	C:\WINDOWS\SYSTEM32\bcrypt.dll
0x00007fff72400000 - 0x00007fff72428000 	C:\WINDOWS\SYSTEM32\USERENV.dll
0x00007fff71ba0000 - 0x00007fff71bab000 	C:\WINDOWS\SYSTEM32\CRYPTBASE.dll
0x00007fff5cd10000 - 0x00007fff5cd2a000 	C:\Program Files\Java\jdk1.8.0_201\jre\bin\net.dll
0x00007fff614b0000 - 0x00007fff6167a000 	C:\WINDOWS\SYSTEM32\urlmon.dll
0x00007fff61200000 - 0x00007fff614a7000 	C:\WINDOWS\SYSTEM32\iertutil.dll
0x00007fff719f0000 - 0x00007fff71a56000 	C:\WINDOWS\system32\mswsock.dll
0x00007fff71740000 - 0x00007fff71778000 	C:\WINDOWS\SYSTEM32\IPHLPAPI.DLL
0x00007fff75ed0000 - 0x00007fff75ed8000 	C:\WINDOWS\System32\NSI.dll
0x00007fff6d4f0000 - 0x00007fff6d506000 	C:\WINDOWS\SYSTEM32\dhcpcsvc6.DLL
0x00007fff6d340000 - 0x00007fff6d35a000 	C:\WINDOWS\SYSTEM32\dhcpcsvc.DLL
0x00007fff58310000 - 0x00007fff58321000 	C:\Program Files\Java\jdk1.8.0_201\jre\bin\nio.dll
0x00007fff4f260000 - 0x00007fff4f26a000 	C:\Users\jpaneyra\AppData\Local\Temp\jansi-1.17-145609967246417951.dll
0x00007fff71780000 - 0x00007fff7183e000 	C:\WINDOWS\SYSTEM32\DNSAPI.dll
0x00007fff641a0000 - 0x00007fff641aa000 	C:\Windows\System32\rasadhlp.dll
0x00007fff6d560000 - 0x00007fff6d5d2000 	C:\WINDOWS\System32\fwpuclnt.dll
0x00007fff6b240000 - 0x00007fff6b24d000 	C:\Program Files\Java\jdk1.8.0_201\jre\bin\management.dll
0x00007fff5d700000 - 0x00007fff5d716000 	C:\WINDOWS\system32\napinsp.dll
0x00007fff5d270000 - 0x00007fff5d28a000 	C:\WINDOWS\system32\pnrpnsp.dll
0x00007fff6fad0000 - 0x00007fff6fae9000 	C:\WINDOWS\system32\NLAapi.dll
0x00007fff5d1f0000 - 0x00007fff5d1fe000 	C:\WINDOWS\System32\winrnr.dll
0x00007fff6c0b0000 - 0x00007fff6c0c5000 	C:\WINDOWS\System32\wshbth.dll

VM Arguments:
jvm_args: -Dmaven.home=EMBEDDED -Dclassworlds.conf=D:\Jean\WorkspaceP2\.metadata\.plugins\org.eclipse.m2e.launching\launches\m2conf2663564501848783453.tmp -Dmaven.multiModuleProjectDirectory=E:\Fuentes\BKProvision\tdp-web-trazabilidad-provision-backend -Djansi.force=true -Djansi.passthrough=true -Dfile.encoding=Cp1252 
java_command: org.codehaus.plexus.classworlds.launcher.Launcher -B install -Dstyle.color=always
java_class_path (initial): D:\Jean\STS\sts-4.2.1.RELEASE\plugins\org.eclipse.m2e.maven.runtime_1.11.0.20190220-2117\jars\plexus-classworlds-2.5.2.jar
Launcher Type: SUN_STANDARD

Environment Variables:
JAVA_HOME=C:\Program Files\Java\jdk1.8.0_161
PATH=C:/Program Files/Java/jre1.8.0_201/bin/server;C:/Program Files/Java/jre1.8.0_201/bin;C:/Program Files/Java/jre1.8.0_201/lib/amd64;C:\ProgramData\DockerDesktop\version-bin;C:\Program Files\Docker\Docker\Resources\bin;E:\app\client\emnamoa\product\12.2.0\client_1\bin;C:\Program Files (x86)\Common Files\Oracle\Java\javapath;C:\Program Files (x86)\Intel\iCLS Client\;C:\Program Files\Intel\iCLS Client\;C:\WINDOWS\system32;C:\WINDOWS;C:\WINDOWS\System32\Wbem;C:\WINDOWS\System32\WindowsPowerShell\v1.0\;C:\Program Files (x86)\Intel\Intel(R) Management Engine Components\DAL;C:\Program Files\Intel\Intel(R) Management Engine Components\DAL;C:\Program Files (x86)\Intel\Intel(R) Management Engine Components\IPT;C:\Program Files\Intel\Intel(R) Management Engine Components\IPT;C:\WINDOWS\System32\OpenSSH\;C:\Program Files (x86)\Microsoft SQL Server\120\DTS\Binn\;C:\Users\emnamoa\.dnx\bin;C:\Program Files\Microsoft DNX\Dnvm\;C:\Program Files\dotnet\;C:\Program Files (x86)\Microsoft SQL Server\110\DTS\Binn\;C:\Program Files (x86)\Microsoft SQL Server\130\DTS\Binn\;C:\Program Files (x86)\Microsoft SQL Server\140\DTS\Binn\;C:\Program Files\Microsoft\Web Platform Installer\;C:\Program Files\nodejs\;C:\Program Files (x86)\Microsoft SQL Server\100\Tools\Binn\;C:\Program Files\Microsoft SQL Server\100\Tools\Binn\;C:\Program Files\Microsoft SQL Server\100\DTS\Binn\;C:\Program Files\Git\cmd;C:\Program Files (x86)\Microsoft SQL Server\100\Tools\Binn\VSShell\Common7\IDE\;C:\Program Files (x86)\Microsoft Visual Studio 9.0\Common7\IDE\PrivateAssemblies\;C:\Program Files (x86)\Microsoft SQL Server\100\DTS\Binn\;C:\Program Files\IBM\Cloud\bin;E:\instaladores\Maven\apache-maven-3.6.1\bin;"C:\WINDOWS;C:\WINDOWS\system32;C:\Program Files\Java\jdk1.8.0_201\bin";C:\Program Files\helm\windows-amd64;C:\Program Files\Microsoft SQL Server\130\Tools\Binn\;D:\Gradle\bin;C:\Users\jpaneyra\AppData\Local\Microsoft\WindowsApps;;C:\Users\jpaneyra\AppData\Local\Programs\Fiddler;C:\WINDOWS\System32;
USERNAME=jpaneyra
OS=Windows_NT
PROCESSOR_IDENTIFIER=Intel64 Family 6 Model 142 Stepping 10, GenuineIntel



---------------  S Y S T E M  ---------------

OS: Windows 10.0 , 64 bit Build 17134 (10.0.17134.753)

CPU:total 8 (initial active 8) (4 cores per cpu, 2 threads per core) family 6 model 142 stepping 10, cmov, cx8, fxsr, mmx, sse, sse2, sse3, ssse3, sse4.1, sse4.2, popcnt, avx, avx2, aes, clmul, erms, 3dnowpref, lzcnt, ht, tsc, tscinvbit, bmi1, bmi2, adx

Memory: 4k page, physical 16669912k(2249152k free), swap 24559984k(5484k free)

vm_info: Java HotSpot(TM) 64-Bit Server VM (25.201-b09) for windows-amd64 JRE (1.8.0_201-b09), built on Dec 15 2018 18:36:39 by "java_re" with MS VC++ 10.0 (VS2010)

time: Mon Jan 13 17:54:27 2020
timezone: Hora est. Pacífico, Sudamérica
elapsed time: 5 seconds (0d 0h 0m 5s)

