#
# There is insufficient memory for the Java Runtime Environment to continue.
# Native memory allocation (malloc) failed to allocate 837776 bytes for Chunk::new
# Possible reasons:
#   The system is out of physical RAM or swap space
#   The process is running with CompressedOops enabled, and the Java Heap may be blocking the growth of the native heap
# Possible solutions:
#   Reduce memory load on the system
#   Increase physical memory or swap space
#   Check if swap backing store is full
#   Decrease Java heap size (-Xmx/-Xms)
#   Decrease number of Java threads
#   Decrease Java thread stack sizes (-Xss)
#   Set larger code cache with -XX:ReservedCodeCacheSize=
#   JVM is running with Zero Based Compressed Oops mode in which the Java heap is
#     placed in the first 32GB address space. The Java Heap base address is the
#     maximum limit for the native heap growth. Please use -XX:HeapBaseMinAddress
#     to set the Java Heap base and to place the Java Heap above 32GB virtual address.
# This output file may be truncated or incomplete.
#
#  Out of Memory Error (allocation.cpp:390), pid=34552, tid=0x00000000000096e4
#
# JRE version: Java(TM) SE Runtime Environment (8.0_201-b09) (build 1.8.0_201-b09)
# Java VM: Java HotSpot(TM) 64-Bit Server VM (25.201-b09 mixed mode windows-amd64 compressed oops)
# Failed to write core dump. Minidumps are not enabled by default on client versions of Windows
#

---------------  T H R E A D  ---------------

Current thread (0x000000001e59f800):  JavaThread "C2 CompilerThread0" daemon [_thread_in_native, id=38628, stack(0x000000001ee90000,0x000000001ef90000)]

Stack: [0x000000001ee90000,0x000000001ef90000]
[error occurred during error reporting (printing stack bounds), id 0xc0000005]

Native frames: (J=compiled Java code, j=interpreted, Vv=VM code, C=native code)


Current CompileTask:
C2:   4031 4475       4       com.sun.tools.javac.comp.Resolve::findInheritedMemberType (202 bytes)


---------------  P R O C E S S  ---------------

Java Threads: ( => current thread )
  0x0000000020996000 JavaThread "JMX server connection timeout 18" daemon [_thread_blocked, id=19612, stack(0x00000000231d0000,0x00000000232d0000)]
  0x0000000022534000 JavaThread "RMI TCP Connection(2)-10.0.75.1" daemon [_thread_in_native, id=36300, stack(0x00000000230d0000,0x00000000231d0000)]
  0x00000000209a5000 JavaThread "JMX server connection timeout 16" daemon [_thread_blocked, id=40764, stack(0x0000000021ed0000,0x0000000021fd0000)]
  0x0000000020cea800 JavaThread "RMI Scheduler(0)" daemon [_thread_blocked, id=34104, stack(0x0000000021dd0000,0x0000000021ed0000)]
  0x0000000020bc3800 JavaThread "RMI TCP Connection(1)-10.0.75.1" daemon [_thread_in_native, id=35680, stack(0x0000000021cd0000,0x0000000021dd0000)]
  0x0000000020655800 JavaThread "RMI TCP Accept-0" daemon [_thread_in_native, id=37144, stack(0x00000000217d0000,0x00000000218d0000)]
  0x000000001e639800 JavaThread "Service Thread" daemon [_thread_blocked, id=30224, stack(0x000000001f290000,0x000000001f390000)]
  0x000000001e5be000 JavaThread "C1 CompilerThread3" daemon [_thread_in_native, id=2192, stack(0x000000001f190000,0x000000001f290000)]
  0x000000001e5a3000 JavaThread "C2 CompilerThread2" daemon [_thread_in_native, id=22472, stack(0x000000001f090000,0x000000001f190000)]
  0x000000001e5a1800 JavaThread "C2 CompilerThread1" daemon [_thread_in_native, id=13532, stack(0x000000001ef90000,0x000000001f090000)]
=>0x000000001e59f800 JavaThread "C2 CompilerThread0" daemon [_thread_in_native, id=38628, stack(0x000000001ee90000,0x000000001ef90000)]
  0x000000001e59d800 JavaThread "Attach Listener" daemon [_thread_blocked, id=40352, stack(0x000000001ed90000,0x000000001ee90000)]
  0x000000001e59c800 JavaThread "Signal Dispatcher" daemon [_thread_blocked, id=37604, stack(0x000000001ec90000,0x000000001ed90000)]
  0x000000001e591000 JavaThread "Finalizer" daemon [_thread_blocked, id=11836, stack(0x000000001ea70000,0x000000001eb70000)]
  0x000000001e590800 JavaThread "Reference Handler" daemon [_thread_blocked, id=22904, stack(0x000000001e970000,0x000000001ea70000)]
  0x0000000002c23800 JavaThread "main" [_thread_in_Java, id=32880, stack(0x0000000002a90000,0x0000000002b90000)]

Other Threads:
  0x000000001c74a000 VMThread [stack: 0x000000001e470000,0x000000001e570000] [id=26488]
  0x000000001e664000 WatcherThread [stack: 0x000000001f390000,0x000000001f490000] [id=23132]

VM state:not at safepoint (normal execution)

VM Mutex/Monitor currently owned by a thread: None

heap address: 0x00000006c1a00000, size: 4070 MB, Compressed Oops mode: Zero based, Oop shift amount: 3
Narrow klass base: 0x0000000000000000, Narrow klass shift: 3
Compressed class space size: 1073741824 Address: 0x00000007c0000000

Heap:
 PSYoungGen      total 129536K, used 17943K [0x000000076b380000, 0x0000000779500000, 0x00000007c0000000)
  eden space 118784K, 6% used [0x000000076b380000,0x000000076ba86c38,0x0000000772780000)
  from space 10752K, 99% used [0x0000000773e00000,0x000000077487f1c8,0x0000000774880000)
  to   space 23040K, 0% used [0x0000000772780000,0x0000000772780000,0x0000000773e00000)
 ParOldGen       total 131584K, used 33286K [0x00000006c1a00000, 0x00000006c9a80000, 0x000000076b380000)
  object space 131584K, 25% used [0x00000006c1a00000,0x00000006c3a81b48,0x00000006c9a80000)
 Metaspace       used 25878K, capacity 26444K, committed 26624K, reserved 1073152K
  class space    used 3046K, capacity 3232K, committed 3328K, reserved 1048576K

Card table byte_map: [0x00000000120e0000,0x00000000128e0000] byte_map_base: 0x000000000ead3000

Marking Bits: (ParMarkBitMap*) 0x000000005c4c4ce0
 Begin Bits: [0x0000000013630000, 0x00000000175c8000)
 End Bits:   [0x00000000175c8000, 0x000000001b560000)

Polling page: 0x0000000002b90000

CodeCache: size=245760Kb used=16728Kb max_used=16733Kb free=229031Kb
 bounds [0x0000000002d20000, 0x0000000003d90000, 0x0000000011d20000]
 total_blobs=5003 nmethods=4577 adapters=338
 compilation: enabled

Compilation events (10 events):
Event: 3.989 Thread 0x000000001e5a1800 4504       4       com.sun.tools.javac.comp.Attr::checkId (59 bytes)
Event: 3.989 Thread 0x000000001e5be000 nmethod 4511 0x0000000003d3a0d0 code [0x0000000003d3a240, 0x0000000003d3a448]
Event: 3.989 Thread 0x000000001e5be000 4514       3       com.sun.tools.javac.jvm.ClassReader::sigToTypeParams (111 bytes)
Event: 3.989 Thread 0x000000001e5be000 nmethod 4514 0x0000000003d49fd0 code [0x0000000003d4a1c0, 0x0000000003d4a9a8]
Event: 3.989 Thread 0x000000001e5be000 4515       3       com.sun.tools.javac.code.Type$TypeVar::<init> (36 bytes)
Event: 3.990 Thread 0x000000001e5be000 nmethod 4515 0x0000000003d49750 code [0x0000000003d498e0, 0x0000000003d49d68]
Event: 3.990 Thread 0x000000001e5be000 4513       3       com.sun.tools.javac.code.Types::setBounds (36 bytes)
Event: 3.990 Thread 0x000000001e5be000 nmethod 4513 0x0000000003d49010 code [0x0000000003d491a0, 0x0000000003d495b8]
Event: 3.990 Thread 0x000000001e5a1800 nmethod 4504 0x0000000003d48a90 code [0x0000000003d48be0, 0x0000000003d48dc8]
Event: 3.990 Thread 0x000000001e5a1800 4512   !   4       com.sun.tools.javac.jvm.ClassReader::classSigToType (498 bytes)

GC Heap History (10 events):
Event: 2.115 GC heap before
{Heap before GC invocations=3 (full 0):
 PSYoungGen      total 76288K, used 76276K [0x000000076b380000, 0x0000000770880000, 0x00000007c0000000)
  eden space 65536K, 100% used [0x000000076b380000,0x000000076f380000,0x000000076f380000)
  from space 10752K, 99% used [0x000000076fe00000,0x000000077087d1c0,0x0000000770880000)
  to   space 10752K, 0% used [0x000000076f380000,0x000000076f380000,0x000000076fe00000)
 ParOldGen       total 175104K, used 1822K [0x00000006c1a00000, 0x00000006cc500000, 0x000000076b380000)
  object space 175104K, 1% used [0x00000006c1a00000,0x00000006c1bc7bb0,0x00000006cc500000)
 Metaspace       used 19087K, capacity 19550K, committed 19712K, reserved 1067008K
  class space    used 2312K, capacity 2469K, committed 2560K, reserved 1048576K
Event: 2.127 GC heap after
Heap after GC invocations=3 (full 0):
 PSYoungGen      total 76288K, used 10720K [0x000000076b380000, 0x0000000774880000, 0x00000007c0000000)
  eden space 65536K, 0% used [0x000000076b380000,0x000000076b380000,0x000000076f380000)
  from space 10752K, 99% used [0x000000076f380000,0x000000076fdf8040,0x000000076fe00000)
  to   space 10752K, 0% used [0x0000000773e00000,0x0000000773e00000,0x0000000774880000)
 ParOldGen       total 175104K, used 7644K [0x00000006c1a00000, 0x00000006cc500000, 0x000000076b380000)
  object space 175104K, 4% used [0x00000006c1a00000,0x00000006c2177338,0x00000006cc500000)
 Metaspace       used 19087K, capacity 19550K, committed 19712K, reserved 1067008K
  class space    used 2312K, capacity 2469K, committed 2560K, reserved 1048576K
}
Event: 2.646 GC heap before
{Heap before GC invocations=4 (full 0):
 PSYoungGen      total 76288K, used 76256K [0x000000076b380000, 0x0000000774880000, 0x00000007c0000000)
  eden space 65536K, 100% used [0x000000076b380000,0x000000076f380000,0x000000076f380000)
  from space 10752K, 99% used [0x000000076f380000,0x000000076fdf8040,0x000000076fe00000)
  to   space 10752K, 0% used [0x0000000773e00000,0x0000000773e00000,0x0000000774880000)
 ParOldGen       total 175104K, used 7644K [0x00000006c1a00000, 0x00000006cc500000, 0x000000076b380000)
  object space 175104K, 4% used [0x00000006c1a00000,0x00000006c2177338,0x00000006cc500000)
 Metaspace       used 20221K, capacity 20770K, committed 21120K, reserved 1067008K
  class space    used 2421K, capacity 2575K, committed 2688K, reserved 1048576K
Event: 2.655 GC heap after
Heap after GC invocations=4 (full 0):
 PSYoungGen      total 141824K, used 10720K [0x000000076b380000, 0x0000000774880000, 0x00000007c0000000)
  eden space 131072K, 0% used [0x000000076b380000,0x000000076b380000,0x0000000773380000)
  from space 10752K, 99% used [0x0000000773e00000,0x0000000774878040,0x0000000774880000)
  to   space 10752K, 0% used [0x0000000773380000,0x0000000773380000,0x0000000773e00000)
 ParOldGen       total 175104K, used 13365K [0x00000006c1a00000, 0x00000006cc500000, 0x000000076b380000)
  object space 175104K, 7% used [0x00000006c1a00000,0x00000006c270d620,0x00000006cc500000)
 Metaspace       used 20221K, capacity 20770K, committed 21120K, reserved 1067008K
  class space    used 2421K, capacity 2575K, committed 2688K, reserved 1048576K
}
Event: 2.847 GC heap before
{Heap before GC invocations=5 (full 0):
 PSYoungGen      total 141824K, used 31402K [0x000000076b380000, 0x0000000774880000, 0x00000007c0000000)
  eden space 131072K, 15% used [0x000000076b380000,0x000000076c7b27e0,0x0000000773380000)
  from space 10752K, 99% used [0x0000000773e00000,0x0000000774878040,0x0000000774880000)
  to   space 10752K, 0% used [0x0000000773380000,0x0000000773380000,0x0000000773e00000)
 ParOldGen       total 175104K, used 13365K [0x00000006c1a00000, 0x00000006cc500000, 0x000000076b380000)
  object space 175104K, 7% used [0x00000006c1a00000,0x00000006c270d620,0x00000006cc500000)
 Metaspace       used 20591K, capacity 21138K, committed 21296K, reserved 1069056K
  class space    used 2439K, capacity 2614K, committed 2688K, reserved 1048576K
Event: 2.855 GC heap after
Heap after GC invocations=5 (full 0):
 PSYoungGen      total 141824K, used 10736K [0x000000076b380000, 0x0000000774880000, 0x00000007c0000000)
  eden space 131072K, 0% used [0x000000076b380000,0x000000076b380000,0x0000000773380000)
  from space 10752K, 99% used [0x0000000773380000,0x0000000773dfc030,0x0000000773e00000)
  to   space 10752K, 0% used [0x0000000773e00000,0x0000000773e00000,0x0000000774880000)
 ParOldGen       total 175104K, used 14584K [0x00000006c1a00000, 0x00000006cc500000, 0x000000076b380000)
  object space 175104K, 8% used [0x00000006c1a00000,0x00000006c283e1c8,0x00000006cc500000)
 Metaspace       used 20591K, capacity 21138K, committed 21296K, reserved 1069056K
  class space    used 2439K, capacity 2614K, committed 2688K, reserved 1048576K
}
Event: 2.855 GC heap before
{Heap before GC invocations=6 (full 1):
 PSYoungGen      total 141824K, used 10736K [0x000000076b380000, 0x0000000774880000, 0x00000007c0000000)
  eden space 131072K, 0% used [0x000000076b380000,0x000000076b380000,0x0000000773380000)
  from space 10752K, 99% used [0x0000000773380000,0x0000000773dfc030,0x0000000773e00000)
  to   space 10752K, 0% used [0x0000000773e00000,0x0000000773e00000,0x0000000774880000)
 ParOldGen       total 175104K, used 14584K [0x00000006c1a00000, 0x00000006cc500000, 0x000000076b380000)
  object space 175104K, 8% used [0x00000006c1a00000,0x00000006c283e1c8,0x00000006cc500000)
 Metaspace       used 20591K, capacity 21138K, committed 21296K, reserved 1069056K
  class space    used 2439K, capacity 2614K, committed 2688K, reserved 1048576K
Event: 2.932 GC heap after
Heap after GC invocations=6 (full 1):
 PSYoungGen      total 141824K, used 0K [0x000000076b380000, 0x0000000774880000, 0x00000007c0000000)
  eden space 131072K, 0% used [0x000000076b380000,0x000000076b380000,0x0000000773380000)
  from space 10752K, 0% used [0x0000000773380000,0x0000000773380000,0x0000000773e00000)
  to   space 10752K, 0% used [0x0000000773e00000,0x0000000773e00000,0x0000000774880000)
 ParOldGen       total 131584K, used 21684K [0x00000006c1a00000, 0x00000006c9a80000, 0x000000076b380000)
  object space 131584K, 16% used [0x00000006c1a00000,0x00000006c2f2d130,0x00000006c9a80000)
 Metaspace       used 20591K, capacity 21138K, committed 21296K, reserved 1069056K
  class space    used 2439K, capacity 2614K, committed 2688K, reserved 1048576K
}
Event: 3.940 GC heap before
{Heap before GC invocations=7 (full 1):
 PSYoungGen      total 141824K, used 131072K [0x000000076b380000, 0x0000000774880000, 0x00000007c0000000)
  eden space 131072K, 100% used [0x000000076b380000,0x0000000773380000,0x0000000773380000)
  from space 10752K, 0% used [0x0000000773380000,0x0000000773380000,0x0000000773e00000)
  to   space 10752K, 0% used [0x0000000773e00000,0x0000000773e00000,0x0000000774880000)
 ParOldGen       total 131584K, used 21684K [0x00000006c1a00000, 0x00000006c9a80000, 0x000000076b380000)
  object space 131584K, 16% used [0x00000006c1a00000,0x00000006c2f2d130,0x00000006c9a80000)
 Metaspace       used 25690K, capacity 26316K, committed 26624K, reserved 1073152K
  class space    used 3028K, capacity 3232K, committed 3328K, reserved 1048576K
Event: 3.950 GC heap after
Heap after GC invocations=7 (full 1):
 PSYoungGen      total 129536K, used 10748K [0x000000076b380000, 0x0000000779500000, 0x00000007c0000000)
  eden space 118784K, 0% used [0x000000076b380000,0x000000076b380000,0x0000000772780000)
  from space 10752K, 99% used [0x0000000773e00000,0x000000077487f1c8,0x0000000774880000)
  to   space 23040K, 0% used [0x0000000772780000,0x0000000772780000,0x0000000773e00000)
 ParOldGen       total 131584K, used 33286K [0x00000006c1a00000, 0x00000006c9a80000, 0x000000076b380000)
  object space 131584K, 25% used [0x00000006c1a00000,0x00000006c3a81b48,0x00000006c9a80000)
 Metaspace       used 25690K, capacity 26316K, committed 26624K, reserved 1073152K
  class space    used 3028K, capacity 3232K, committed 3328K, reserved 1048576K
}

Deoptimization events (10 events):
Event: 3.700 Thread 0x0000000002c23800 Uncommon trap: reason=unstable_if action=reinterpret pc=0x0000000003b3f3e8 method=com.sun.tools.javac.util.Name$Table.equals([BI[BII)Z @ 22
Event: 3.707 Thread 0x0000000002c23800 Uncommon trap: reason=unstable_if action=reinterpret pc=0x0000000003aee640 method=com.sun.tools.javac.util.Name$Table.equals([BI[BII)Z @ 22
Event: 3.714 Thread 0x0000000002c23800 Uncommon trap: reason=unstable_if action=reinterpret pc=0x0000000003bc60bc method=java.lang.CharacterDataLatin1.isJavaIdentifierPart(I)Z @ 11
Event: 3.731 Thread 0x0000000002c23800 Uncommon trap: reason=class_check action=maybe_recompile pc=0x0000000003bcb0f8 method=com.sun.tools.javac.util.List.prependList(Lcom/sun/tools/javac/util/List;)Lcom/sun/tools/javac/util/List; @ 1
Event: 3.733 Thread 0x0000000002c23800 Uncommon trap: reason=unstable_if action=reinterpret pc=0x0000000003c058d4 method=com.sun.tools.javac.util.SharedNameTable.fromUtf([BII)Lcom/sun/tools/javac/util/Name; @ 55
Event: 3.803 Thread 0x0000000002c23800 Uncommon trap: reason=class_check action=maybe_recompile pc=0x0000000003bcb0f8 method=com.sun.tools.javac.util.List.prependList(Lcom/sun/tools/javac/util/List;)Lcom/sun/tools/javac/util/List; @ 1
Event: 3.864 Thread 0x0000000002c23800 Uncommon trap: reason=class_check action=maybe_recompile pc=0x0000000003bcb0f8 method=com.sun.tools.javac.util.List.prependList(Lcom/sun/tools/javac/util/List;)Lcom/sun/tools/javac/util/List; @ 1
Event: 3.874 Thread 0x0000000002c23800 Uncommon trap: reason=class_check action=maybe_recompile pc=0x0000000003bcb0f8 method=com.sun.tools.javac.util.List.prependList(Lcom/sun/tools/javac/util/List;)Lcom/sun/tools/javac/util/List; @ 1
Event: 3.978 Thread 0x0000000002c23800 Uncommon trap: reason=unstable_if action=reinterpret pc=0x0000000003c8dbe0 method=com.sun.tools.javac.jvm.ClassReader.classSigToType()Lcom/sun/tools/javac/code/Type; @ 148
Event: 3.994 Thread 0x0000000002c23800 Uncommon trap: reason=unstable_if action=reinterpret pc=0x0000000003ce8060 method=com.sun.tools.javac.code.Symbol$ClassSymbol.members()Lcom/sun/tools/javac/code/Scope; @ 4

Classes redefined (0 events):
No events

Internal exceptions (10 events):
Event: 1.828 Thread 0x0000000022534000 Exception <a 'java/lang/ClassNotFoundException': org/springframework/boot/actuate/endpoint/jmx/DataEndpointMBean> (0x000000076beb52c0) thrown at [C:\re\workspace\8-2-build-windows-amd64-cygwin\jdk8u201\12322\hotspot\src\share\vm\classfile\systemDictionary
Event: 1.828 Thread 0x0000000022534000 Exception <a 'java/lang/ClassNotFoundException': org/springframework/context/support/LiveBeansView> (0x000000076beb5800) thrown at [C:\re\workspace\8-2-build-windows-amd64-cygwin\jdk8u201\12322\hotspot\src\share\vm\classfile\systemDictionary.cpp, line 210
Event: 1.828 Thread 0x0000000022534000 Exception <a 'java/lang/ClassNotFoundException': org/springframework/boot/actuate/endpoint/jmx/EndpointMBean> (0x000000076beb5b58) thrown at [C:\re\workspace\8-2-build-windows-amd64-cygwin\jdk8u201\12322\hotspot\src\share\vm\classfile\systemDictionary.cpp
Event: 1.828 Thread 0x0000000022534000 Exception <a 'java/lang/ClassNotFoundException': org/springframework/boot/actuate/endpoint/jmx/DataEndpointMBean> (0x000000076beb60a0) thrown at [C:\re\workspace\8-2-build-windows-amd64-cygwin\jdk8u201\12322\hotspot\src\share\vm\classfile\systemDictionary
Event: 1.828 Thread 0x0000000022534000 Exception <a 'java/lang/ClassNotFoundException': org/springframework/context/support/LiveBeansView> (0x000000076beb65d0) thrown at [C:\re\workspace\8-2-build-windows-amd64-cygwin\jdk8u201\12322\hotspot\src\share\vm\classfile\systemDictionary.cpp, line 210
Event: 2.005 Thread 0x0000000002c23800 Implicit null exception at 0x0000000003642120 to 0x00000000036437f1
Event: 2.620 Thread 0x0000000002c23800 Implicit null exception at 0x0000000003682677 to 0x0000000003683815
Event: 3.016 Thread 0x0000000002c23800 Exception <a 'java/lang/ClassNotFoundException': com/sun/tools/javac/api/JavacTool> (0x000000076bf8d2b0) thrown at [C:\re\workspace\8-2-build-windows-amd64-cygwin\jdk8u201\12322\hotspot\src\share\vm\classfile\systemDictionary.cpp, line 210]
Event: 3.524 Thread 0x0000000002c23800 Exception <a 'java/io/FileNotFoundException'> (0x000000077059e1d0) thrown at [C:\re\workspace\8-2-build-windows-amd64-cygwin\jdk8u201\12322\hotspot\src\share\vm\prims\jni.cpp, line 709]
Event: 3.526 Thread 0x0000000002c23800 Exception <a 'java/io/FileNotFoundException'> (0x00000007705d30b0) thrown at [C:\re\workspace\8-2-build-windows-amd64-cygwin\jdk8u201\12322\hotspot\src\share\vm\prims\jni.cpp, line 709]

Events (10 events):
Event: 3.874 Thread 0x0000000002c23800 DEOPT PACKING pc=0x0000000003bcb0f8 sp=0x0000000002b8d390
Event: 3.874 Thread 0x0000000002c23800 DEOPT UNPACKING pc=0x0000000002d6583b sp=0x0000000002b8d330 mode 2
Event: 3.940 Executing VM operation: ParallelGCFailedAllocation
Event: 3.950 Executing VM operation: ParallelGCFailedAllocation done
Event: 3.978 Thread 0x0000000002c23800 Uncommon trap: trap_request=0xffffff65 fr.pc=0x0000000003c8dbe0
Event: 3.978 Thread 0x0000000002c23800 DEOPT PACKING pc=0x0000000003c8dbe0 sp=0x0000000002b8bea0
Event: 3.978 Thread 0x0000000002c23800 DEOPT UNPACKING pc=0x0000000002d6583b sp=0x0000000002b8bea8 mode 2
Event: 3.994 Thread 0x0000000002c23800 Uncommon trap: trap_request=0xffffff65 fr.pc=0x0000000003ce8060
Event: 3.994 Thread 0x0000000002c23800 DEOPT PACKING pc=0x0000000003ce8060 sp=0x0000000002b8d570
Event: 3.994 Thread 0x0000000002c23800 DEOPT UNPACKING pc=0x0000000002d6583b sp=0x0000000002b8d518 mode 2


Dynamic libraries:
0x00007ff72baf0000 - 0x00007ff72bb27000 	C:\Program Files\Java\jdk1.8.0_201\bin\javaw.exe
0x00007fff761d0000 - 0x00007fff763b1000 	C:\WINDOWS\SYSTEM32\ntdll.dll
0x00007fff75ee0000 - 0x00007fff75f91000 	C:\WINDOWS\System32\KERNEL32.DLL
0x00007fff731e0000 - 0x00007fff73453000 	C:\WINDOWS\System32\KERNELBASE.dll
0x00007fff76040000 - 0x00007fff760e1000 	C:\WINDOWS\System32\ADVAPI32.dll
0x00007fff73f00000 - 0x00007fff73f9e000 	C:\WINDOWS\System32\msvcrt.dll
0x00007fff75e00000 - 0x00007fff75e5b000 	C:\WINDOWS\System32\sechost.dll
0x00007fff739e0000 - 0x00007fff73b04000 	C:\WINDOWS\System32\RPCRT4.dll
0x00007fff74820000 - 0x00007fff749b0000 	C:\WINDOWS\System32\USER32.dll
0x00007fff73460000 - 0x00007fff73480000 	C:\WINDOWS\System32\win32u.dll
0x00007fff73be0000 - 0x00007fff73c08000 	C:\WINDOWS\System32\GDI32.dll
0x00007fff72590000 - 0x00007fff72721000 	C:\WINDOWS\System32\gdi32full.dll
0x00007fff72980000 - 0x00007fff72a1f000 	C:\WINDOWS\System32\msvcp_win.dll
0x00007fff734d0000 - 0x00007fff735c8000 	C:\WINDOWS\System32\ucrtbase.dll
0x00007fff55ee0000 - 0x00007fff56149000 	C:\WINDOWS\WinSxS\amd64_microsoft.windows.common-controls_6595b64144ccf1df_6.0.17134.1067_none_d401a3eb7c8ebdea\COMCTL32.dll
0x00007fff736b0000 - 0x00007fff739d1000 	C:\WINDOWS\System32\combase.dll
0x00007fff735d0000 - 0x00007fff73649000 	C:\WINDOWS\System32\bcryptPrimitives.dll
0x00007fff745d0000 - 0x00007fff745fd000 	C:\WINDOWS\System32\IMM32.DLL
0x00007fff6fcb0000 - 0x00007fff6fd5c000 	C:\WINDOWS\system32\tmumh\20019\AddOn\7.0.0.1162\TmUmEvt64.dll
0x00007fff746b0000 - 0x00007fff746b8000 	C:\WINDOWS\System32\PSAPI.DLL
0x00007fff73650000 - 0x00007fff736a1000 	C:\WINDOWS\System32\SHLWAPI.dll
0x00000000620e0000 - 0x00000000621fd000 	C:\WINDOWS\system32\tmumh\20019\TmMon\2.5.0.2084\tmmon64.dll
0x000000005c550000 - 0x000000005c621000 	C:\Program Files\Java\jdk1.8.0_201\jre\bin\msvcr100.dll
0x000000005bca0000 - 0x000000005c544000 	C:\Program Files\Java\jdk1.8.0_201\jre\bin\server\jvm.dll
0x00007fff5e460000 - 0x00007fff5e469000 	C:\WINDOWS\SYSTEM32\WSOCK32.dll
0x00007fff75e60000 - 0x00007fff75ecc000 	C:\WINDOWS\System32\WS2_32.dll
0x00007fff6b820000 - 0x00007fff6b843000 	C:\WINDOWS\SYSTEM32\WINMM.dll
0x00007fff70600000 - 0x00007fff7060a000 	C:\WINDOWS\SYSTEM32\VERSION.dll
0x00007fff6b3c0000 - 0x00007fff6b3ea000 	C:\WINDOWS\SYSTEM32\WINMMBASE.dll
0x00007fff73480000 - 0x00007fff734c9000 	C:\WINDOWS\System32\cfgmgr32.dll
0x00007fff70620000 - 0x00007fff7062f000 	C:\Program Files\Java\jdk1.8.0_201\jre\bin\verify.dll
0x00007fff4e0e0000 - 0x00007fff4e109000 	C:\Program Files\Java\jdk1.8.0_201\jre\bin\java.dll
0x00007fff5f490000 - 0x00007fff5f4a6000 	C:\Program Files\Java\jdk1.8.0_201\jre\bin\zip.dll
0x00007fff749b0000 - 0x00007fff75df4000 	C:\WINDOWS\System32\SHELL32.dll
0x00007fff760f0000 - 0x00007fff76199000 	C:\WINDOWS\System32\shcore.dll
0x00007fff72a20000 - 0x00007fff73130000 	C:\WINDOWS\System32\windows.storage.dll
0x00007fff72550000 - 0x00007fff72561000 	C:\WINDOWS\System32\kernel.appcore.dll
0x00007fff72570000 - 0x00007fff7258f000 	C:\WINDOWS\System32\profapi.dll
0x00007fff724d0000 - 0x00007fff7251c000 	C:\WINDOWS\System32\powrprof.dll
0x00007fff72540000 - 0x00007fff7254a000 	C:\WINDOWS\System32\FLTLIB.DLL
0x00007fff721f0000 - 0x00007fff72207000 	C:\WINDOWS\SYSTEM32\CRYPTSP.dll
0x00007fff715a0000 - 0x00007fff715d3000 	C:\WINDOWS\system32\rsaenh.dll
0x00007fff71ff0000 - 0x00007fff72015000 	C:\WINDOWS\SYSTEM32\bcrypt.dll
0x00007fff72400000 - 0x00007fff72428000 	C:\WINDOWS\SYSTEM32\USERENV.dll
0x00007fff71ba0000 - 0x00007fff71bab000 	C:\WINDOWS\SYSTEM32\CRYPTBASE.dll
0x00007fff5cd10000 - 0x00007fff5cd2a000 	C:\Program Files\Java\jdk1.8.0_201\jre\bin\net.dll
0x00007fff614b0000 - 0x00007fff6167a000 	C:\WINDOWS\SYSTEM32\urlmon.dll
0x00007fff61200000 - 0x00007fff614a7000 	C:\WINDOWS\SYSTEM32\iertutil.dll
0x00007fff719f0000 - 0x00007fff71a56000 	C:\WINDOWS\system32\mswsock.dll
0x00007fff71740000 - 0x00007fff71778000 	C:\WINDOWS\SYSTEM32\IPHLPAPI.DLL
0x00007fff75ed0000 - 0x00007fff75ed8000 	C:\WINDOWS\System32\NSI.dll
0x00007fff6d4f0000 - 0x00007fff6d506000 	C:\WINDOWS\SYSTEM32\dhcpcsvc6.DLL
0x00007fff6d340000 - 0x00007fff6d35a000 	C:\WINDOWS\SYSTEM32\dhcpcsvc.DLL
0x00007fff58310000 - 0x00007fff58321000 	C:\Program Files\Java\jdk1.8.0_201\jre\bin\nio.dll
0x00007fff4f260000 - 0x00007fff4f26a000 	C:\Users\jpaneyra\AppData\Local\Temp\jansi-1.17-8943499260734040552.dll
0x00007fff71780000 - 0x00007fff7183e000 	C:\WINDOWS\SYSTEM32\DNSAPI.dll
0x00007fff641a0000 - 0x00007fff641aa000 	C:\Windows\System32\rasadhlp.dll
0x00007fff6d560000 - 0x00007fff6d5d2000 	C:\WINDOWS\System32\fwpuclnt.dll
0x00007fff6b240000 - 0x00007fff6b24d000 	C:\Program Files\Java\jdk1.8.0_201\jre\bin\management.dll
0x00007fff5d700000 - 0x00007fff5d716000 	C:\WINDOWS\system32\napinsp.dll
0x00007fff5d270000 - 0x00007fff5d28a000 	C:\WINDOWS\system32\pnrpnsp.dll
0x00007fff6fad0000 - 0x00007fff6fae9000 	C:\WINDOWS\system32\NLAapi.dll
0x00007fff5d1f0000 - 0x00007fff5d1fe000 	C:\WINDOWS\System32\winrnr.dll
0x00007fff6c0b0000 - 0x00007fff6c0c5000 	C:\WINDOWS\System32\wshbth.dll

VM Arguments:
jvm_args: -Dmaven.home=EMBEDDED -Dclassworlds.conf=D:\Jean\WorkspaceP2\.metadata\.plugins\org.eclipse.m2e.launching\launches\m2conf7144998779191468343.tmp -Dmaven.multiModuleProjectDirectory=E:\Fuentes\BKProvision\tdp-web-trazabilidad-provision-backend -Djansi.force=true -Djansi.passthrough=true -Dfile.encoding=Cp1252 
java_command: org.codehaus.plexus.classworlds.launcher.Launcher -B install -Dstyle.color=always
java_class_path (initial): D:\Jean\STS\sts-4.2.1.RELEASE\plugins\org.eclipse.m2e.maven.runtime_1.11.0.20190220-2117\jars\plexus-classworlds-2.5.2.jar
Launcher Type: SUN_STANDARD

Environment Variables:
JAVA_HOME=C:\Program Files\Java\jdk1.8.0_161
PATH=C:/Program Files/Java/jre1.8.0_201/bin/server;C:/Program Files/Java/jre1.8.0_201/bin;C:/Program Files/Java/jre1.8.0_201/lib/amd64;C:\ProgramData\DockerDesktop\version-bin;C:\Program Files\Docker\Docker\Resources\bin;E:\app\client\emnamoa\product\12.2.0\client_1\bin;C:\Program Files (x86)\Common Files\Oracle\Java\javapath;C:\Program Files (x86)\Intel\iCLS Client\;C:\Program Files\Intel\iCLS Client\;C:\WINDOWS\system32;C:\WINDOWS;C:\WINDOWS\System32\Wbem;C:\WINDOWS\System32\WindowsPowerShell\v1.0\;C:\Program Files (x86)\Intel\Intel(R) Management Engine Components\DAL;C:\Program Files\Intel\Intel(R) Management Engine Components\DAL;C:\Program Files (x86)\Intel\Intel(R) Management Engine Components\IPT;C:\Program Files\Intel\Intel(R) Management Engine Components\IPT;C:\WINDOWS\System32\OpenSSH\;C:\Program Files (x86)\Microsoft SQL Server\120\DTS\Binn\;C:\Users\emnamoa\.dnx\bin;C:\Program Files\Microsoft DNX\Dnvm\;C:\Program Files\dotnet\;C:\Program Files (x86)\Microsoft SQL Server\110\DTS\Binn\;C:\Program Files (x86)\Microsoft SQL Server\130\DTS\Binn\;C:\Program Files (x86)\Microsoft SQL Server\140\DTS\Binn\;C:\Program Files\Microsoft\Web Platform Installer\;C:\Program Files\nodejs\;C:\Program Files (x86)\Microsoft SQL Server\100\Tools\Binn\;C:\Program Files\Microsoft SQL Server\100\Tools\Binn\;C:\Program Files\Microsoft SQL Server\100\DTS\Binn\;C:\Program Files\Git\cmd;C:\Program Files (x86)\Microsoft SQL Server\100\Tools\Binn\VSShell\Common7\IDE\;C:\Program Files (x86)\Microsoft Visual Studio 9.0\Common7\IDE\PrivateAssemblies\;C:\Program Files (x86)\Microsoft SQL Server\100\DTS\Binn\;C:\Program Files\IBM\Cloud\bin;E:\instaladores\Maven\apache-maven-3.6.1\bin;"C:\WINDOWS;C:\WINDOWS\system32;C:\Program Files\Java\jdk1.8.0_201\bin";C:\Program Files\helm\windows-amd64;C:\Program Files\Microsoft SQL Server\130\Tools\Binn\;D:\Gradle\bin;C:\Users\jpaneyra\AppData\Local\Microsoft\WindowsApps;;C:\Users\jpaneyra\AppData\Local\Programs\Fiddler;C:\WINDOWS\System32;
USERNAME=jpaneyra
OS=Windows_NT
PROCESSOR_IDENTIFIER=Intel64 Family 6 Model 142 Stepping 10, GenuineIntel



---------------  S Y S T E M  ---------------

OS: Windows 10.0 , 64 bit Build 17134 (10.0.17134.753)

CPU:total 8 (initial active 8) (4 cores per cpu, 2 threads per core) family 6 model 142 stepping 10, cmov, cx8, fxsr, mmx, sse, sse2, sse3, ssse3, sse4.1, sse4.2, popcnt, avx, avx2, aes, clmul, erms, 3dnowpref, lzcnt, ht, tsc, tscinvbit, bmi1, bmi2, adx

Memory: 4k page, physical 16669912k(2452764k free), swap 24559984k(5284k free)

vm_info: Java HotSpot(TM) 64-Bit Server VM (25.201-b09) for windows-amd64 JRE (1.8.0_201-b09), built on Dec 15 2018 18:36:39 by "java_re" with MS VC++ 10.0 (VS2010)

time: Mon Jan 13 17:52:25 2020
timezone: Hora est. Pacífico, Sudamérica
elapsed time: 4 seconds (0d 0h 0m 4s)

